C:\CS 425\ANDERSON_BRAD_FINAL\YOSHIMI_BATTLES_THE_PINK_ROBOTS\DEBUG\AGENT.OBJ
C:\CS 425\ANDERSON_BRAD_FINAL\YOSHIMI_BATTLES_THE_PINK_ROBOTS\DEBUG\BASEAPPLICATION.OBJ
C:\CS 425\ANDERSON_BRAD_FINAL\YOSHIMI_BATTLES_THE_PINK_ROBOTS\DEBUG\GAMEAPPLICATION.OBJ
C:\CS 425\ANDERSON_BRAD_FINAL\YOSHIMI_BATTLES_THE_PINK_ROBOTS\DEBUG\GRID.OBJ
C:\CS 425\ANDERSON_BRAD_FINAL\YOSHIMI_BATTLES_THE_PINK_ROBOTS\DEBUG\MAIN.OBJ
C:\CS 425\ANDERSON_BRAD_FINAL\YOSHIMI_BATTLES_THE_PINK_ROBOTS\DEBUG\YOSHIMI.OBJ
C:\CS 425\ANDERSON_BRAD_FINAL\YOSHIMI_BATTLES_THE_PINK_ROBOTS\DEBUG\VC110.PDB
C:\CS 425\ANDERSON_BRAD_FINAL\YOSHIMI_BATTLES_THE_PINK_ROBOTS\DEBUG\ROBOT.OBJ
C:\CS 425\ANDERSON_BRAD_FINAL\YOSHIMI_BATTLES_THE_PINK_ROBOTS\DEBUG\CS425APP.ILK
C:\CS 425\ANDERSON_BRAD_FINAL\YOSHIMI_BATTLES_THE_PINK_ROBOTS\DEBUG\CS425APP.EXE
C:\CS 425\ANDERSON_BRAD_FINAL\YOSHIMI_BATTLES_THE_PINK_ROBOTS\DEBUG\CS425APP.PDB
C:\CS 425\Anderson_Brad_Final\Yoshimi_Battles_The_Pink_Robots\Debug\Agent.obj
C:\CS 425\Anderson_Brad_Final\Yoshimi_Battles_The_Pink_Robots\Debug\BaseApplication.obj
C:\CS 425\Anderson_Brad_Final\Yoshimi_Battles_The_Pink_Robots\Debug\GameApplication.obj
C:\CS 425\Anderson_Brad_Final\Yoshimi_Battles_The_Pink_Robots\Debug\main.obj
C:\CS 425\Anderson_Brad_Final\Yoshimi_Battles_The_Pink_Robots\Debug\Robot.obj
C:\CS 425\Anderson_Brad_Final\Yoshimi_Battles_The_Pink_Robots\Debug\Yoshimi.obj
C:\CS 425\Anderson_Brad_Final\Yoshimi_Battles_The_Pink_Robots\Debug\CS425App.ilk
C:\CS 425\Anderson_Brad_Final\Yoshimi_Battles_The_Pink_Robots\Debug\cl.command.1.tlog
C:\CS 425\Anderson_Brad_Final\Yoshimi_Battles_The_Pink_Robots\Debug\CL.read.1.tlog
C:\CS 425\Anderson_Brad_Final\Yoshimi_Battles_The_Pink_Robots\Debug\CL.write.1.tlog
C:\CS 425\Anderson_Brad_Final\Yoshimi_Battles_The_Pink_Robots\Debug\link-cvtres.read.1.tlog
C:\CS 425\Anderson_Brad_Final\Yoshimi_Battles_The_Pink_Robots\Debug\link-cvtres.write.1.tlog
C:\CS 425\Anderson_Brad_Final\Yoshimi_Battles_The_Pink_Robots\Debug\link-rc.read.1.tlog
C:\CS 425\Anderson_Brad_Final\Yoshimi_Battles_The_Pink_Robots\Debug\link-rc.write.1.tlog
C:\CS 425\Anderson_Brad_Final\Yoshimi_Battles_The_Pink_Robots\Debug\link.1116-cvtres.read.1.tlog
C:\CS 425\Anderson_Brad_Final\Yoshimi_Battles_The_Pink_Robots\Debug\link.1116-cvtres.write.1.tlog
C:\CS 425\Anderson_Brad_Final\Yoshimi_Battles_The_Pink_Robots\Debug\link.1116-rc.read.1.tlog
C:\CS 425\Anderson_Brad_Final\Yoshimi_Battles_The_Pink_Robots\Debug\link.1116-rc.write.1.tlog
C:\CS 425\Anderson_Brad_Final\Yoshimi_Battles_The_Pink_Robots\Debug\link.1116.read.1.tlog
C:\CS 425\Anderson_Brad_Final\Yoshimi_Battles_The_Pink_Robots\Debug\link.1116.write.1.tlog
C:\CS 425\Anderson_Brad_Final\Yoshimi_Battles_The_Pink_Robots\Debug\link.1144-cvtres.read.1.tlog
C:\CS 425\Anderson_Brad_Final\Yoshimi_Battles_The_Pink_Robots\Debug\link.1144-cvtres.write.1.tlog
C:\CS 425\Anderson_Brad_Final\Yoshimi_Battles_The_Pink_Robots\Debug\link.1144-rc.read.1.tlog
C:\CS 425\Anderson_Brad_Final\Yoshimi_Battles_The_Pink_Robots\Debug\link.1144-rc.write.1.tlog
C:\CS 425\Anderson_Brad_Final\Yoshimi_Battles_The_Pink_Robots\Debug\link.1144.read.1.tlog
C:\CS 425\Anderson_Brad_Final\Yoshimi_Battles_The_Pink_Robots\Debug\link.1144.write.1.tlog
C:\CS 425\Anderson_Brad_Final\Yoshimi_Battles_The_Pink_Robots\Debug\link.1204-cvtres.read.1.tlog
C:\CS 425\Anderson_Brad_Final\Yoshimi_Battles_The_Pink_Robots\Debug\link.1204-cvtres.write.1.tlog
C:\CS 425\Anderson_Brad_Final\Yoshimi_Battles_The_Pink_Robots\Debug\link.1204-rc.read.1.tlog
C:\CS 425\Anderson_Brad_Final\Yoshimi_Battles_The_Pink_Robots\Debug\link.1204-rc.write.1.tlog
C:\CS 425\Anderson_Brad_Final\Yoshimi_Battles_The_Pink_Robots\Debug\link.1204.read.1.tlog
C:\CS 425\Anderson_Brad_Final\Yoshimi_Battles_The_Pink_Robots\Debug\link.1204.write.1.tlog
C:\CS 425\Anderson_Brad_Final\Yoshimi_Battles_The_Pink_Robots\Debug\link.1844-cvtres.read.1.tlog
C:\CS 425\Anderson_Brad_Final\Yoshimi_Battles_The_Pink_Robots\Debug\link.1844-cvtres.write.1.tlog
C:\CS 425\Anderson_Brad_Final\Yoshimi_Battles_The_Pink_Robots\Debug\link.1844-rc.read.1.tlog
C:\CS 425\Anderson_Brad_Final\Yoshimi_Battles_The_Pink_Robots\Debug\link.1844-rc.write.1.tlog
C:\CS 425\Anderson_Brad_Final\Yoshimi_Battles_The_Pink_Robots\Debug\link.1844.read.1.tlog
C:\CS 425\Anderson_Brad_Final\Yoshimi_Battles_The_Pink_Robots\Debug\link.1844.write.1.tlog
C:\CS 425\Anderson_Brad_Final\Yoshimi_Battles_The_Pink_Robots\Debug\link.2688-cvtres.read.1.tlog
C:\CS 425\Anderson_Brad_Final\Yoshimi_Battles_The_Pink_Robots\Debug\link.2688-cvtres.write.1.tlog
C:\CS 425\Anderson_Brad_Final\Yoshimi_Battles_The_Pink_Robots\Debug\link.2688-rc.read.1.tlog
C:\CS 425\Anderson_Brad_Final\Yoshimi_Battles_The_Pink_Robots\Debug\link.2688-rc.write.1.tlog
C:\CS 425\Anderson_Brad_Final\Yoshimi_Battles_The_Pink_Robots\Debug\link.2688.read.1.tlog
C:\CS 425\Anderson_Brad_Final\Yoshimi_Battles_The_Pink_Robots\Debug\link.2688.write.1.tlog
C:\CS 425\Anderson_Brad_Final\Yoshimi_Battles_The_Pink_Robots\Debug\link.3344-cvtres.read.1.tlog
C:\CS 425\Anderson_Brad_Final\Yoshimi_Battles_The_Pink_Robots\Debug\link.3344-cvtres.write.1.tlog
C:\CS 425\Anderson_Brad_Final\Yoshimi_Battles_The_Pink_Robots\Debug\link.3344-rc.read.1.tlog
C:\CS 425\Anderson_Brad_Final\Yoshimi_Battles_The_Pink_Robots\Debug\link.3344-rc.write.1.tlog
C:\CS 425\Anderson_Brad_Final\Yoshimi_Battles_The_Pink_Robots\Debug\link.3344.read.1.tlog
C:\CS 425\Anderson_Brad_Final\Yoshimi_Battles_The_Pink_Robots\Debug\link.3344.write.1.tlog
C:\CS 425\Anderson_Brad_Final\Yoshimi_Battles_The_Pink_Robots\Debug\link.3524-cvtres.read.1.tlog
C:\CS 425\Anderson_Brad_Final\Yoshimi_Battles_The_Pink_Robots\Debug\link.3524-cvtres.write.1.tlog
C:\CS 425\Anderson_Brad_Final\Yoshimi_Battles_The_Pink_Robots\Debug\link.3524-rc.read.1.tlog
C:\CS 425\Anderson_Brad_Final\Yoshimi_Battles_The_Pink_Robots\Debug\link.3524-rc.write.1.tlog
C:\CS 425\Anderson_Brad_Final\Yoshimi_Battles_The_Pink_Robots\Debug\link.3524.read.1.tlog
C:\CS 425\Anderson_Brad_Final\Yoshimi_Battles_The_Pink_Robots\Debug\link.3524.write.1.tlog
C:\CS 425\Anderson_Brad_Final\Yoshimi_Battles_The_Pink_Robots\Debug\link.3620-cvtres.read.1.tlog
C:\CS 425\Anderson_Brad_Final\Yoshimi_Battles_The_Pink_Robots\Debug\link.3620-cvtres.write.1.tlog
C:\CS 425\Anderson_Brad_Final\Yoshimi_Battles_The_Pink_Robots\Debug\link.3620-rc.read.1.tlog
C:\CS 425\Anderson_Brad_Final\Yoshimi_Battles_The_Pink_Robots\Debug\link.3620-rc.write.1.tlog
C:\CS 425\Anderson_Brad_Final\Yoshimi_Battles_The_Pink_Robots\Debug\link.3620.read.1.tlog
C:\CS 425\Anderson_Brad_Final\Yoshimi_Battles_The_Pink_Robots\Debug\link.3620.write.1.tlog
C:\CS 425\Anderson_Brad_Final\Yoshimi_Battles_The_Pink_Robots\Debug\link.3688-cvtres.read.1.tlog
C:\CS 425\Anderson_Brad_Final\Yoshimi_Battles_The_Pink_Robots\Debug\link.3688-cvtres.write.1.tlog
C:\CS 425\Anderson_Brad_Final\Yoshimi_Battles_The_Pink_Robots\Debug\link.3688-rc.read.1.tlog
C:\CS 425\Anderson_Brad_Final\Yoshimi_Battles_The_Pink_Robots\Debug\link.3688-rc.write.1.tlog
C:\CS 425\Anderson_Brad_Final\Yoshimi_Battles_The_Pink_Robots\Debug\link.3688.read.1.tlog
C:\CS 425\Anderson_Brad_Final\Yoshimi_Battles_The_Pink_Robots\Debug\link.3688.write.1.tlog
C:\CS 425\Anderson_Brad_Final\Yoshimi_Battles_The_Pink_Robots\Debug\link.3796-cvtres.read.1.tlog
C:\CS 425\Anderson_Brad_Final\Yoshimi_Battles_The_Pink_Robots\Debug\link.3796-cvtres.write.1.tlog
C:\CS 425\Anderson_Brad_Final\Yoshimi_Battles_The_Pink_Robots\Debug\link.3796-rc.read.1.tlog
C:\CS 425\Anderson_Brad_Final\Yoshimi_Battles_The_Pink_Robots\Debug\link.3796-rc.write.1.tlog
C:\CS 425\Anderson_Brad_Final\Yoshimi_Battles_The_Pink_Robots\Debug\link.3796.read.1.tlog
C:\CS 425\Anderson_Brad_Final\Yoshimi_Battles_The_Pink_Robots\Debug\link.3796.write.1.tlog
C:\CS 425\Anderson_Brad_Final\Yoshimi_Battles_The_Pink_Robots\Debug\link.3884-cvtres.read.1.tlog
C:\CS 425\Anderson_Brad_Final\Yoshimi_Battles_The_Pink_Robots\Debug\link.3884-cvtres.write.1.tlog
C:\CS 425\Anderson_Brad_Final\Yoshimi_Battles_The_Pink_Robots\Debug\link.3884-rc.read.1.tlog
C:\CS 425\Anderson_Brad_Final\Yoshimi_Battles_The_Pink_Robots\Debug\link.3884-rc.write.1.tlog
C:\CS 425\Anderson_Brad_Final\Yoshimi_Battles_The_Pink_Robots\Debug\link.3884.read.1.tlog
C:\CS 425\Anderson_Brad_Final\Yoshimi_Battles_The_Pink_Robots\Debug\link.3884.write.1.tlog
C:\CS 425\Anderson_Brad_Final\Yoshimi_Battles_The_Pink_Robots\Debug\link.3920-cvtres.read.1.tlog
C:\CS 425\Anderson_Brad_Final\Yoshimi_Battles_The_Pink_Robots\Debug\link.3920-cvtres.write.1.tlog
C:\CS 425\Anderson_Brad_Final\Yoshimi_Battles_The_Pink_Robots\Debug\link.3920-rc.read.1.tlog
C:\CS 425\Anderson_Brad_Final\Yoshimi_Battles_The_Pink_Robots\Debug\link.3920-rc.write.1.tlog
C:\CS 425\Anderson_Brad_Final\Yoshimi_Battles_The_Pink_Robots\Debug\link.3920.read.1.tlog
C:\CS 425\Anderson_Brad_Final\Yoshimi_Battles_The_Pink_Robots\Debug\link.3920.write.1.tlog
C:\CS 425\Anderson_Brad_Final\Yoshimi_Battles_The_Pink_Robots\Debug\link.5012-cvtres.read.1.tlog
C:\CS 425\Anderson_Brad_Final\Yoshimi_Battles_The_Pink_Robots\Debug\link.5012-cvtres.write.1.tlog
C:\CS 425\Anderson_Brad_Final\Yoshimi_Battles_The_Pink_Robots\Debug\link.5012-rc.read.1.tlog
C:\CS 425\Anderson_Brad_Final\Yoshimi_Battles_The_Pink_Robots\Debug\link.5012-rc.write.1.tlog
C:\CS 425\Anderson_Brad_Final\Yoshimi_Battles_The_Pink_Robots\Debug\link.5012.read.1.tlog
C:\CS 425\Anderson_Brad_Final\Yoshimi_Battles_The_Pink_Robots\Debug\link.5012.write.1.tlog
C:\CS 425\Anderson_Brad_Final\Yoshimi_Battles_The_Pink_Robots\Debug\link.5244-cvtres.read.1.tlog
C:\CS 425\Anderson_Brad_Final\Yoshimi_Battles_The_Pink_Robots\Debug\link.5244-cvtres.write.1.tlog
C:\CS 425\Anderson_Brad_Final\Yoshimi_Battles_The_Pink_Robots\Debug\link.5244-rc.read.1.tlog
C:\CS 425\Anderson_Brad_Final\Yoshimi_Battles_The_Pink_Robots\Debug\link.5244-rc.write.1.tlog
C:\CS 425\Anderson_Brad_Final\Yoshimi_Battles_The_Pink_Robots\Debug\link.5244.read.1.tlog
C:\CS 425\Anderson_Brad_Final\Yoshimi_Battles_The_Pink_Robots\Debug\link.5244.write.1.tlog
C:\CS 425\Anderson_Brad_Final\Yoshimi_Battles_The_Pink_Robots\Debug\link.5516-cvtres.read.1.tlog
C:\CS 425\Anderson_Brad_Final\Yoshimi_Battles_The_Pink_Robots\Debug\link.5516-cvtres.write.1.tlog
C:\CS 425\Anderson_Brad_Final\Yoshimi_Battles_The_Pink_Robots\Debug\link.5516-rc.read.1.tlog
C:\CS 425\Anderson_Brad_Final\Yoshimi_Battles_The_Pink_Robots\Debug\link.5516-rc.write.1.tlog
C:\CS 425\Anderson_Brad_Final\Yoshimi_Battles_The_Pink_Robots\Debug\link.5516.read.1.tlog
C:\CS 425\Anderson_Brad_Final\Yoshimi_Battles_The_Pink_Robots\Debug\link.5516.write.1.tlog
C:\CS 425\Anderson_Brad_Final\Yoshimi_Battles_The_Pink_Robots\Debug\link.5524-cvtres.read.1.tlog
C:\CS 425\Anderson_Brad_Final\Yoshimi_Battles_The_Pink_Robots\Debug\link.5524-cvtres.write.1.tlog
C:\CS 425\Anderson_Brad_Final\Yoshimi_Battles_The_Pink_Robots\Debug\link.5524-rc.read.1.tlog
C:\CS 425\Anderson_Brad_Final\Yoshimi_Battles_The_Pink_Robots\Debug\link.5524-rc.write.1.tlog
C:\CS 425\Anderson_Brad_Final\Yoshimi_Battles_The_Pink_Robots\Debug\link.5524.read.1.tlog
C:\CS 425\Anderson_Brad_Final\Yoshimi_Battles_The_Pink_Robots\Debug\link.5524.write.1.tlog
C:\CS 425\Anderson_Brad_Final\Yoshimi_Battles_The_Pink_Robots\Debug\link.5616-cvtres.read.1.tlog
C:\CS 425\Anderson_Brad_Final\Yoshimi_Battles_The_Pink_Robots\Debug\link.5616-cvtres.write.1.tlog
C:\CS 425\Anderson_Brad_Final\Yoshimi_Battles_The_Pink_Robots\Debug\link.5616-rc.read.1.tlog
C:\CS 425\Anderson_Brad_Final\Yoshimi_Battles_The_Pink_Robots\Debug\link.5616-rc.write.1.tlog
C:\CS 425\Anderson_Brad_Final\Yoshimi_Battles_The_Pink_Robots\Debug\link.5616.read.1.tlog
C:\CS 425\Anderson_Brad_Final\Yoshimi_Battles_The_Pink_Robots\Debug\link.5616.write.1.tlog
C:\CS 425\Anderson_Brad_Final\Yoshimi_Battles_The_Pink_Robots\Debug\link.5668-cvtres.read.1.tlog
C:\CS 425\Anderson_Brad_Final\Yoshimi_Battles_The_Pink_Robots\Debug\link.5668-cvtres.write.1.tlog
C:\CS 425\Anderson_Brad_Final\Yoshimi_Battles_The_Pink_Robots\Debug\link.5668-rc.read.1.tlog
C:\CS 425\Anderson_Brad_Final\Yoshimi_Battles_The_Pink_Robots\Debug\link.5668-rc.write.1.tlog
C:\CS 425\Anderson_Brad_Final\Yoshimi_Battles_The_Pink_Robots\Debug\link.5668.read.1.tlog
C:\CS 425\Anderson_Brad_Final\Yoshimi_Battles_The_Pink_Robots\Debug\link.5668.write.1.tlog
C:\CS 425\Anderson_Brad_Final\Yoshimi_Battles_The_Pink_Robots\Debug\link.5692-cvtres.read.1.tlog
C:\CS 425\Anderson_Brad_Final\Yoshimi_Battles_The_Pink_Robots\Debug\link.5692-cvtres.write.1.tlog
C:\CS 425\Anderson_Brad_Final\Yoshimi_Battles_The_Pink_Robots\Debug\link.5692-rc.read.1.tlog
C:\CS 425\Anderson_Brad_Final\Yoshimi_Battles_The_Pink_Robots\Debug\link.5692-rc.write.1.tlog
C:\CS 425\Anderson_Brad_Final\Yoshimi_Battles_The_Pink_Robots\Debug\link.5692.read.1.tlog
C:\CS 425\Anderson_Brad_Final\Yoshimi_Battles_The_Pink_Robots\Debug\link.5692.write.1.tlog
C:\CS 425\Anderson_Brad_Final\Yoshimi_Battles_The_Pink_Robots\Debug\link.5856-cvtres.read.1.tlog
C:\CS 425\Anderson_Brad_Final\Yoshimi_Battles_The_Pink_Robots\Debug\link.5856-cvtres.write.1.tlog
C:\CS 425\Anderson_Brad_Final\Yoshimi_Battles_The_Pink_Robots\Debug\link.5856-rc.read.1.tlog
C:\CS 425\Anderson_Brad_Final\Yoshimi_Battles_The_Pink_Robots\Debug\link.5856-rc.write.1.tlog
C:\CS 425\Anderson_Brad_Final\Yoshimi_Battles_The_Pink_Robots\Debug\link.5856.read.1.tlog
C:\CS 425\Anderson_Brad_Final\Yoshimi_Battles_The_Pink_Robots\Debug\link.5856.write.1.tlog
C:\CS 425\Anderson_Brad_Final\Yoshimi_Battles_The_Pink_Robots\Debug\link.6348-cvtres.read.1.tlog
C:\CS 425\Anderson_Brad_Final\Yoshimi_Battles_The_Pink_Robots\Debug\link.6348-cvtres.write.1.tlog
C:\CS 425\Anderson_Brad_Final\Yoshimi_Battles_The_Pink_Robots\Debug\link.6348-rc.read.1.tlog
C:\CS 425\Anderson_Brad_Final\Yoshimi_Battles_The_Pink_Robots\Debug\link.6348-rc.write.1.tlog
C:\CS 425\Anderson_Brad_Final\Yoshimi_Battles_The_Pink_Robots\Debug\link.6348.read.1.tlog
C:\CS 425\Anderson_Brad_Final\Yoshimi_Battles_The_Pink_Robots\Debug\link.6348.write.1.tlog
C:\CS 425\Anderson_Brad_Final\Yoshimi_Battles_The_Pink_Robots\Debug\link.6752-cvtres.read.1.tlog
C:\CS 425\Anderson_Brad_Final\Yoshimi_Battles_The_Pink_Robots\Debug\link.6752-cvtres.write.1.tlog
C:\CS 425\Anderson_Brad_Final\Yoshimi_Battles_The_Pink_Robots\Debug\link.6752-rc.read.1.tlog
C:\CS 425\Anderson_Brad_Final\Yoshimi_Battles_The_Pink_Robots\Debug\link.6752-rc.write.1.tlog
C:\CS 425\Anderson_Brad_Final\Yoshimi_Battles_The_Pink_Robots\Debug\link.6752.read.1.tlog
C:\CS 425\Anderson_Brad_Final\Yoshimi_Battles_The_Pink_Robots\Debug\link.6752.write.1.tlog
C:\CS 425\Anderson_Brad_Final\Yoshimi_Battles_The_Pink_Robots\Debug\link.6936-cvtres.read.1.tlog
C:\CS 425\Anderson_Brad_Final\Yoshimi_Battles_The_Pink_Robots\Debug\link.6936-cvtres.write.1.tlog
C:\CS 425\Anderson_Brad_Final\Yoshimi_Battles_The_Pink_Robots\Debug\link.6936-rc.read.1.tlog
C:\CS 425\Anderson_Brad_Final\Yoshimi_Battles_The_Pink_Robots\Debug\link.6936-rc.write.1.tlog
C:\CS 425\Anderson_Brad_Final\Yoshimi_Battles_The_Pink_Robots\Debug\link.6936.read.1.tlog
C:\CS 425\Anderson_Brad_Final\Yoshimi_Battles_The_Pink_Robots\Debug\link.6936.write.1.tlog
C:\CS 425\Anderson_Brad_Final\Yoshimi_Battles_The_Pink_Robots\Debug\link.7292-cvtres.read.1.tlog
C:\CS 425\Anderson_Brad_Final\Yoshimi_Battles_The_Pink_Robots\Debug\link.7292-cvtres.write.1.tlog
C:\CS 425\Anderson_Brad_Final\Yoshimi_Battles_The_Pink_Robots\Debug\link.7292-rc.read.1.tlog
C:\CS 425\Anderson_Brad_Final\Yoshimi_Battles_The_Pink_Robots\Debug\link.7292-rc.write.1.tlog
C:\CS 425\Anderson_Brad_Final\Yoshimi_Battles_The_Pink_Robots\Debug\link.7292.read.1.tlog
C:\CS 425\Anderson_Brad_Final\Yoshimi_Battles_The_Pink_Robots\Debug\link.7292.write.1.tlog
C:\CS 425\Anderson_Brad_Final\Yoshimi_Battles_The_Pink_Robots\Debug\link.7708-cvtres.read.1.tlog
C:\CS 425\Anderson_Brad_Final\Yoshimi_Battles_The_Pink_Robots\Debug\link.7708-cvtres.write.1.tlog
C:\CS 425\Anderson_Brad_Final\Yoshimi_Battles_The_Pink_Robots\Debug\link.7708-rc.read.1.tlog
C:\CS 425\Anderson_Brad_Final\Yoshimi_Battles_The_Pink_Robots\Debug\link.7708-rc.write.1.tlog
C:\CS 425\Anderson_Brad_Final\Yoshimi_Battles_The_Pink_Robots\Debug\link.7708.read.1.tlog
C:\CS 425\Anderson_Brad_Final\Yoshimi_Battles_The_Pink_Robots\Debug\link.7708.write.1.tlog
C:\CS 425\Anderson_Brad_Final\Yoshimi_Battles_The_Pink_Robots\Debug\link.7860-cvtres.read.1.tlog
C:\CS 425\Anderson_Brad_Final\Yoshimi_Battles_The_Pink_Robots\Debug\link.7860-cvtres.write.1.tlog
C:\CS 425\Anderson_Brad_Final\Yoshimi_Battles_The_Pink_Robots\Debug\link.7860-rc.read.1.tlog
C:\CS 425\Anderson_Brad_Final\Yoshimi_Battles_The_Pink_Robots\Debug\link.7860-rc.write.1.tlog
C:\CS 425\Anderson_Brad_Final\Yoshimi_Battles_The_Pink_Robots\Debug\link.7860.read.1.tlog
C:\CS 425\Anderson_Brad_Final\Yoshimi_Battles_The_Pink_Robots\Debug\link.7860.write.1.tlog
C:\CS 425\Anderson_Brad_Final\Yoshimi_Battles_The_Pink_Robots\Debug\link.8096-cvtres.read.1.tlog
C:\CS 425\Anderson_Brad_Final\Yoshimi_Battles_The_Pink_Robots\Debug\link.8096-cvtres.write.1.tlog
C:\CS 425\Anderson_Brad_Final\Yoshimi_Battles_The_Pink_Robots\Debug\link.8096-rc.read.1.tlog
C:\CS 425\Anderson_Brad_Final\Yoshimi_Battles_The_Pink_Robots\Debug\link.8096-rc.write.1.tlog
C:\CS 425\Anderson_Brad_Final\Yoshimi_Battles_The_Pink_Robots\Debug\link.8096.read.1.tlog
C:\CS 425\Anderson_Brad_Final\Yoshimi_Battles_The_Pink_Robots\Debug\link.8096.write.1.tlog
C:\CS 425\Anderson_Brad_Final\Yoshimi_Battles_The_Pink_Robots\Debug\link.8212-cvtres.read.1.tlog
C:\CS 425\Anderson_Brad_Final\Yoshimi_Battles_The_Pink_Robots\Debug\link.8212-cvtres.write.1.tlog
C:\CS 425\Anderson_Brad_Final\Yoshimi_Battles_The_Pink_Robots\Debug\link.8212-rc.read.1.tlog
C:\CS 425\Anderson_Brad_Final\Yoshimi_Battles_The_Pink_Robots\Debug\link.8212-rc.write.1.tlog
C:\CS 425\Anderson_Brad_Final\Yoshimi_Battles_The_Pink_Robots\Debug\link.8212.read.1.tlog
C:\CS 425\Anderson_Brad_Final\Yoshimi_Battles_The_Pink_Robots\Debug\link.8212.write.1.tlog
C:\CS 425\Anderson_Brad_Final\Yoshimi_Battles_The_Pink_Robots\Debug\link.844-cvtres.read.1.tlog
C:\CS 425\Anderson_Brad_Final\Yoshimi_Battles_The_Pink_Robots\Debug\link.844-cvtres.write.1.tlog
C:\CS 425\Anderson_Brad_Final\Yoshimi_Battles_The_Pink_Robots\Debug\link.844-rc.read.1.tlog
C:\CS 425\Anderson_Brad_Final\Yoshimi_Battles_The_Pink_Robots\Debug\link.844-rc.write.1.tlog
C:\CS 425\Anderson_Brad_Final\Yoshimi_Battles_The_Pink_Robots\Debug\link.844.read.1.tlog
C:\CS 425\Anderson_Brad_Final\Yoshimi_Battles_The_Pink_Robots\Debug\link.844.write.1.tlog
C:\CS 425\Anderson_Brad_Final\Yoshimi_Battles_The_Pink_Robots\Debug\link.8928-cvtres.read.1.tlog
C:\CS 425\Anderson_Brad_Final\Yoshimi_Battles_The_Pink_Robots\Debug\link.8928-cvtres.write.1.tlog
C:\CS 425\Anderson_Brad_Final\Yoshimi_Battles_The_Pink_Robots\Debug\link.8928-rc.read.1.tlog
C:\CS 425\Anderson_Brad_Final\Yoshimi_Battles_The_Pink_Robots\Debug\link.8928-rc.write.1.tlog
C:\CS 425\Anderson_Brad_Final\Yoshimi_Battles_The_Pink_Robots\Debug\link.8928.read.1.tlog
C:\CS 425\Anderson_Brad_Final\Yoshimi_Battles_The_Pink_Robots\Debug\link.8928.write.1.tlog
C:\CS 425\Anderson_Brad_Final\Yoshimi_Battles_The_Pink_Robots\Debug\link.9132-cvtres.read.1.tlog
C:\CS 425\Anderson_Brad_Final\Yoshimi_Battles_The_Pink_Robots\Debug\link.9132-cvtres.write.1.tlog
C:\CS 425\Anderson_Brad_Final\Yoshimi_Battles_The_Pink_Robots\Debug\link.9132-rc.read.1.tlog
C:\CS 425\Anderson_Brad_Final\Yoshimi_Battles_The_Pink_Robots\Debug\link.9132-rc.write.1.tlog
C:\CS 425\Anderson_Brad_Final\Yoshimi_Battles_The_Pink_Robots\Debug\link.9132.read.1.tlog
C:\CS 425\Anderson_Brad_Final\Yoshimi_Battles_The_Pink_Robots\Debug\link.9132.write.1.tlog
C:\CS 425\Anderson_Brad_Final\Yoshimi_Battles_The_Pink_Robots\Debug\link.command.1.tlog
C:\CS 425\Anderson_Brad_Final\Yoshimi_Battles_The_Pink_Robots\Debug\link.read.1.tlog
C:\CS 425\Anderson_Brad_Final\Yoshimi_Battles_The_Pink_Robots\Debug\link.write.1.tlog
C:\CS 425\Anderson_Brad_Final\Yoshimi_Battles_The_Pink_Robots\Debug\vc110.idb
C:\CS 425\Anderson_Brad_Final\Yoshimi_Battles_The_Pink_Robots\Debug\CS425App.pdb
C:\CS 425\Anderson_Brad_Final\Yoshimi_Battles_The_Pink_Robots\Debug\vc110.pdb
C:\CS 425\Anderson_Brad_Final\Yoshimi_Battles_The_Pink_Robots\Debug\CS425App.exe
